#
# There is insufficient memory for the Java Runtime Environment to continue.
# Native memory allocation (malloc) failed to allocate 1048576 bytes. Error detail: AllocateHeap
# Possible reasons:
#   The system is out of physical RAM or swap space
#   This process is running with CompressedOops enabled, and the Java Heap may be blocking the growth of the native heap
# Possible solutions:
#   Reduce memory load on the system
#   Increase physical memory or swap space
#   Check if swap backing store is full
#   Decrease Java heap size (-Xmx/-Xms)
#   Decrease number of Java threads
#   Decrease Java thread stack sizes (-Xss)
#   Set larger code cache with -XX:ReservedCodeCacheSize=
#   JVM is running with Unscaled Compressed Oops mode in which the Java heap is
#     placed in the first 4GB address space. The Java Heap base address is the
#     maximum limit for the native heap growth. Please use -XX:HeapBaseMinAddress
#     to set the Java Heap base and to place the Java Heap above 4GB virtual address.
# This output file may be truncated or incomplete.
#
#  Out of Memory Error (allocation.cpp:44), pid=17404, tid=34248
#
# JRE version: OpenJDK Runtime Environment Temurin-21.0.10+7 (21.0.10+7) (build 21.0.10+7-LTS)
# Java VM: OpenJDK 64-Bit Server VM Temurin-21.0.10+7 (21.0.10+7-LTS, mixed mode, sharing, tiered, compressed oops, compressed class ptrs, parallel gc, windows-amd64)
# No core dump will be written. Minidumps are not enabled by default on client versions of Windows
#

---------------  S U M M A R Y ------------

Command Line: --add-modules=ALL-SYSTEM --add-opens=java.base/java.util=ALL-UNNAMED --add-opens=java.base/java.lang=ALL-UNNAMED --add-opens=java.base/sun.nio.fs=ALL-UNNAMED -Declipse.application=org.eclipse.jdt.ls.core.id1 -Dosgi.bundles.defaultStartLevel=4 -Declipse.product=org.eclipse.jdt.ls.core.product -Djava.import.generatesMetadataFilesAtProjectRoot=false -DDetectVMInstallationsJob.disabled=true -Dfile.encoding=utf8 -XX:+UseParallelGC -XX:GCTimeRatio=4 -XX:AdaptiveSizePolicyWeight=90 -Dsun.zip.disableMemoryMapping=true -Xmx2G -Xms100m -Xlog:disable -javaagent:c:\Users\Admin\.antigravity\extensions\redhat.java-1.54.0-win32-x64\lombok\lombok-1.18.39-4050.jar -XX:+HeapDumpOnOutOfMemoryError -XX:HeapDumpPath=c:\Users\Admin\AppData\Roaming\Antigravity\User\workspaceStorage\8d880732ee2006d49a23a97f6af8df3d\redhat.java -Daether.dependencyCollector.impl=bf c:\Users\Admin\.antigravity\extensions\redhat.java-1.54.0-win32-x64\server\plugins\org.eclipse.equinox.launcher_1.7.100.v20251111-0406.jar -configuration c:\Users\Admin\AppData\Roaming\Antigravity\User\globalStorage\redhat.java\1.54.0\config_win -data c:\Users\Admin\AppData\Roaming\Antigravity\User\workspaceStorage\8d880732ee2006d49a23a97f6af8df3d\redhat.java\jdt_ws --pipe=\\.\pipe\lsp-241e3a0e7e6f2e26afd9425d180f8d1a-sock

Host: AMD Ryzen 7 6800H with Radeon Graphics         , 16 cores, 15G,  Windows 11 , 64 bit Build 26100 (10.0.26100.8328)
Time: Tue Jun 23 14:02:20 2026 SE Asia Standard Time elapsed time: 4931.434496 seconds (0d 1h 22m 11s)

---------------  T H R E A D  ---------------

Current thread (0x00000203b5649dc0):  JavaThread "Attach Listener" daemon [_thread_in_vm, id=34248, stack(0x0000002ddc100000,0x0000002ddc200000) (1024K)]

Stack: [0x0000002ddc100000,0x0000002ddc200000]
Native frames: (J=compiled Java code, j=interpreted, Vv=VM code, C=native code)
V  [jvm.dll+0x6d7a39]
V  [jvm.dll+0x8b4b26]
V  [jvm.dll+0x8b70de]
V  [jvm.dll+0x8b77c3]
V  [jvm.dll+0x284346]
V  [jvm.dll+0xc1277]
V  [jvm.dll+0x6d82e9]
V  [jvm.dll+0x1334a6]
V  [jvm.dll+0x3f857e]
V  [jvm.dll+0x85f59d]
V  [jvm.dll+0x6d626d]
C  [ucrtbase.dll+0x37b0]
C  [KERNEL32.DLL+0x2e957]
C  [ntdll.dll+0x427c]


---------------  P R O C E S S  ---------------

Threads class SMR info:
_java_thread_list=0x0000020419eaf490, length=42, elements={
0x00000203b559c360, 0x00000203b5640f60, 0x00000203b56447f0, 0x00000203b5647350,
0x00000203b5649dc0, 0x00000203b564a820, 0x00000203b564b280, 0x00000203b564f630,
0x000002040e4b1010, 0x000002040e62c430, 0x0000020414030100, 0x0000020414b6e830,
0x0000020414c03e30, 0x000002041477cfd0, 0x000002040e5a58a0, 0x00000204150a4720,
0x0000020414da1e10, 0x00000204151e6a80, 0x0000020414f3a6d0, 0x0000020414f3ad60,
0x0000020414f3ba80, 0x0000020414f3c7a0, 0x0000020414f399b0, 0x0000020414f39320,
0x0000020414f3a040, 0x00000204178ee0e0, 0x00000204178f1bf0, 0x00000204178eee00,
0x00000204178ef490, 0x00000204178efb20, 0x00000204178f1560, 0x00000204178f01b0,
0x00000204178f0840, 0x00000204178ee770, 0x00000204178f2280, 0x00000204178f2910,
0x00000204178f2fa0, 0x00000204178f3630, 0x00000204178f3cc0, 0x00000204178f4350,
0x00000204178f0ed0, 0x00000204178f49e0
}

Java Threads: ( => current thread )
  0x00000203b559c360 JavaThread "main"                              [_thread_blocked, id=28940, stack(0x0000002ddba00000,0x0000002ddbb00000) (1024K)]
  0x00000203b5640f60 JavaThread "Reference Handler"          daemon [_thread_blocked, id=14256, stack(0x0000002ddbe00000,0x0000002ddbf00000) (1024K)]
  0x00000203b56447f0 JavaThread "Finalizer"                  daemon [_thread_blocked, id=2408, stack(0x0000002ddbf00000,0x0000002ddc000000) (1024K)]
  0x00000203b5647350 JavaThread "Signal Dispatcher"          daemon [_thread_blocked, id=14376, stack(0x0000002ddc000000,0x0000002ddc100000) (1024K)]
=>0x00000203b5649dc0 JavaThread "Attach Listener"            daemon [_thread_in_vm, id=34248, stack(0x0000002ddc100000,0x0000002ddc200000) (1024K)]
  0x00000203b564a820 JavaThread "Service Thread"             daemon [_thread_blocked, id=19968, stack(0x0000002ddc200000,0x0000002ddc300000) (1024K)]
  0x00000203b564b280 JavaThread "Monitor Deflation Thread"   daemon [_thread_blocked, id=27980, stack(0x0000002ddc300000,0x0000002ddc400000) (1024K)]
  0x00000203b564f630 JavaThread "C2 CompilerThread0"         daemon [_thread_blocked, id=8164, stack(0x0000002ddc400000,0x0000002ddc500000) (1024K)]
  0x000002040e4b1010 JavaThread "C1 CompilerThread0"         daemon [_thread_blocked, id=16408, stack(0x0000002ddc500000,0x0000002ddc600000) (1024K)]
  0x000002040e62c430 JavaThread "Common-Cleaner"             daemon [_thread_blocked, id=456, stack(0x0000002ddc900000,0x0000002ddca00000) (1024K)]
  0x0000020414030100 JavaThread "Notification Thread"        daemon [_thread_blocked, id=10404, stack(0x0000002ddcb00000,0x0000002ddcc00000) (1024K)]
  0x0000020414b6e830 JavaThread "Active Thread: Equinox Container: 93b0eaa0-5ab1-4140-a184-b8cb63fd758f"        [_thread_blocked, id=25480, stack(0x0000002ddd400000,0x0000002ddd500000) (1024K)]
  0x0000020414c03e30 JavaThread "Refresh Thread: Equinox Container: 93b0eaa0-5ab1-4140-a184-b8cb63fd758f" daemon [_thread_blocked, id=20312, stack(0x0000002ddd600000,0x0000002ddd700000) (1024K)]
  0x000002041477cfd0 JavaThread "Framework Event Dispatcher: Equinox Container: 93b0eaa0-5ab1-4140-a184-b8cb63fd758f" daemon [_thread_blocked, id=30024, stack(0x0000002ddd300000,0x0000002ddd400000) (1024K)]
  0x000002040e5a58a0 JavaThread "Start Level: Equinox Container: 93b0eaa0-5ab1-4140-a184-b8cb63fd758f" daemon [_thread_blocked, id=4512, stack(0x0000002ddc800000,0x0000002ddc900000) (1024K)]
  0x00000204150a4720 JavaThread "Bundle File Closer"         daemon [_thread_blocked, id=28736, stack(0x0000002dddc00000,0x0000002dddd00000) (1024K)]
  0x0000020414da1e10 JavaThread "SCR Component Actor"        daemon [_thread_blocked, id=4976, stack(0x0000002ddca00000,0x0000002ddcb00000) (1024K)]
  0x00000204151e6a80 JavaThread "Worker-JM"                         [_thread_blocked, id=30032, stack(0x0000002dddd00000,0x0000002ddde00000) (1024K)]
  0x0000020414f3a6d0 JavaThread "JNA Cleaner"                daemon [_thread_blocked, id=16332, stack(0x0000002ddde00000,0x0000002dddf00000) (1024K)]
  0x0000020414f3ad60 JavaThread "Worker-0"                          [_thread_blocked, id=17852, stack(0x0000002dddf00000,0x0000002dde000000) (1024K)]
  0x0000020414f3ba80 JavaThread "Java indexing"              daemon [_thread_blocked, id=27392, stack(0x0000002dde200000,0x0000002dde300000) (1024K)]
  0x0000020414f3c7a0 JavaThread "Worker-3"                          [_thread_blocked, id=7740, stack(0x0000002dde600000,0x0000002dde700000) (1024K)]
  0x0000020414f399b0 JavaThread "Thread-1"                   daemon [_thread_in_native, id=2232, stack(0x0000002dde900000,0x0000002ddea00000) (1024K)]
  0x0000020414f39320 JavaThread "Thread-2"                   daemon [_thread_in_native, id=33364, stack(0x0000002ddea00000,0x0000002ddeb00000) (1024K)]
  0x0000020414f3a040 JavaThread "Thread-3"                   daemon [_thread_in_native, id=19252, stack(0x0000002ddeb00000,0x0000002ddec00000) (1024K)]
  0x00000204178ee0e0 JavaThread "Thread-4"                   daemon [_thread_in_native, id=4736, stack(0x0000002ddec00000,0x0000002dded00000) (1024K)]
  0x00000204178f1bf0 JavaThread "Thread-5"                   daemon [_thread_in_native, id=19540, stack(0x0000002dded00000,0x0000002ddee00000) (1024K)]
  0x00000204178eee00 JavaThread "Thread-6"                   daemon [_thread_in_native, id=34652, stack(0x0000002ddee00000,0x0000002ddef00000) (1024K)]
  0x00000204178ef490 JavaThread "Thread-7"                   daemon [_thread_in_native, id=16168, stack(0x0000002ddef00000,0x0000002ddf000000) (1024K)]
  0x00000204178efb20 JavaThread "Thread-8"                   daemon [_thread_in_native, id=34520, stack(0x0000002ddf000000,0x0000002ddf100000) (1024K)]
  0x00000204178f1560 JavaThread "Thread-9"                   daemon [_thread_in_native, id=28656, stack(0x0000002ddf100000,0x0000002ddf200000) (1024K)]
  0x00000204178f01b0 JavaThread "Thread-10"                  daemon [_thread_in_native, id=22896, stack(0x0000002ddf200000,0x0000002ddf300000) (1024K)]
  0x00000204178f0840 JavaThread "Thread-11"                  daemon [_thread_in_native, id=24132, stack(0x0000002ddf300000,0x0000002ddf400000) (1024K)]
  0x00000204178ee770 JavaThread "Thread-12"                  daemon [_thread_in_native, id=27724, stack(0x0000002ddf400000,0x0000002ddf500000) (1024K)]
  0x00000204178f2280 JavaThread "Thread-13"                  daemon [_thread_in_native, id=22376, stack(0x0000002ddf500000,0x0000002ddf600000) (1024K)]
  0x00000204178f2910 JavaThread "Thread-14"                  daemon [_thread_in_native, id=32920, stack(0x0000002ddf600000,0x0000002ddf700000) (1024K)]
  0x00000204178f2fa0 JavaThread "Thread-15"                  daemon [_thread_in_native, id=12260, stack(0x0000002ddf700000,0x0000002ddf800000) (1024K)]
  0x00000204178f3630 JavaThread "Thread-16"                  daemon [_thread_in_native, id=11180, stack(0x0000002ddf800000,0x0000002ddf900000) (1024K)]
  0x00000204178f3cc0 JavaThread "Thread-17"                  daemon [_thread_in_native, id=15188, stack(0x0000002ddf900000,0x0000002ddfa00000) (1024K)]
  0x00000204178f4350 JavaThread "pool-2-thread-1"                   [_thread_blocked, id=31044, stack(0x0000002ddfa00000,0x0000002ddfb00000) (1024K)]
  0x00000204178f0ed0 JavaThread "WorkspaceEventsHandler"            [_thread_blocked, id=24612, stack(0x0000002ddfc00000,0x0000002ddfd00000) (1024K)]
  0x00000204178f49e0 JavaThread "pool-1-thread-1"                   [_thread_blocked, id=19984, stack(0x0000002ddfd00000,0x0000002ddfe00000) (1024K)]
Total: 42

Other Threads:
  0x000002040d1e4130 VMThread "VM Thread"                           [id=27976, stack(0x0000002ddbd00000,0x0000002ddbe00000) (1024K)]
  0x000002040d0dca00 WatcherThread "VM Periodic Task Thread"        [id=19300, stack(0x0000002ddbc00000,0x0000002ddbd00000) (1024K)]
  0x00000203b55ba940 WorkerThread "GC Thread#0"                     [id=7988, stack(0x0000002ddbb00000,0x0000002ddbc00000) (1024K)]
  0x00000204146dace0 WorkerThread "GC Thread#1"                     [id=8664, stack(0x0000002ddcd00000,0x0000002ddce00000) (1024K)]
  0x00000204147d0520 WorkerThread "GC Thread#2"                     [id=28828, stack(0x0000002ddce00000,0x0000002ddcf00000) (1024K)]
  0x000002041441d1e0 WorkerThread "GC Thread#3"                     [id=25948, stack(0x0000002ddcf00000,0x0000002ddd000000) (1024K)]
  0x000002041441d590 WorkerThread "GC Thread#4"                     [id=14460, stack(0x0000002ddd000000,0x0000002ddd100000) (1024K)]
  0x0000020414069220 WorkerThread "GC Thread#5"                     [id=9516, stack(0x0000002ddd100000,0x0000002ddd200000) (1024K)]
  0x00000204140695d0 WorkerThread "GC Thread#6"                     [id=14752, stack(0x0000002ddd200000,0x0000002ddd300000) (1024K)]
  0x0000020414a32810 WorkerThread "GC Thread#7"                     [id=34804, stack(0x0000002ddd500000,0x0000002ddd600000) (1024K)]
  0x0000020414bb0bb0 WorkerThread "GC Thread#8"                     [id=27160, stack(0x0000002ddd900000,0x0000002ddda00000) (1024K)]
  0x0000020414bb0f60 WorkerThread "GC Thread#9"                     [id=24728, stack(0x0000002ddda00000,0x0000002dddb00000) (1024K)]
  0x0000020414cb30d0 WorkerThread "GC Thread#10"                    [id=34540, stack(0x0000002dddb00000,0x0000002dddc00000) (1024K)]
  0x00000204150c15b0 WorkerThread "GC Thread#11"                    [id=9908, stack(0x0000002ddd700000,0x0000002ddd800000) (1024K)]
  0x00000204150c1960 WorkerThread "GC Thread#12"                    [id=29240, stack(0x0000002ddd800000,0x0000002ddd900000) (1024K)]
Total: 15

Threads with active compile tasks:
Total: 0

VM state: not at safepoint (normal execution)

VM Mutex/Monitor currently owned by a thread: None

Heap address: 0x0000000080000000, size: 2048 MB, Compressed Oops mode: 32-bit

CDS archive(s) mapped at: [0x00000203cc000000-0x00000203ccba0000-0x00000203ccba0000), size 12189696, SharedBaseAddress: 0x00000203cc000000, ArchiveRelocationMode: 1.
Compressed class space mapped at: 0x00000203cd000000-0x000002040d000000, reserved size: 1073741824
Narrow klass base: 0x00000203cc000000, Narrow klass shift: 0, Narrow klass range: 0x100000000

GC Precious Log:
 CardTable entry size: 512
 CPUs: 16 total, 16 available
 Memory: 15556M
 Large Page Support: Disabled
 NUMA Support: Disabled
 Compressed Oops: Enabled (32-bit)
 Alignments: Space 512K, Generation 512K, Heap 2M
 Heap Min Capacity: 100M
 Heap Initial Capacity: 100M
 Heap Max Capacity: 2G
 Pre-touch: Disabled
 Parallel Workers: 13

Heap:
 PSYoungGen      total 15360K, used 3689K [0x00000000d5580000, 0x00000000d6680000, 0x0000000100000000)
  eden space 13312K, 14% used [0x00000000d5580000,0x00000000d5772b70,0x00000000d6280000)
  from space 2048K, 82% used [0x00000000d6480000,0x00000000d6627ae0,0x00000000d6680000)
  to   space 2048K, 0% used [0x00000000d6280000,0x00000000d6280000,0x00000000d6480000)
 ParOldGen       total 76288K, used 63987K [0x0000000080000000, 0x0000000084a80000, 0x00000000d5580000)
  object space 76288K, 83% used [0x0000000080000000,0x0000000083e7cc10,0x0000000084a80000)
 Metaspace       used 62798K, committed 64256K, reserved 1114112K
  class space    used 6616K, committed 7232K, reserved 1048576K

Card table byte_map: [0x00000203b4f40000,0x00000203b5350000] _byte_map_base: 0x00000203b4b40000

Marking Bits: (ParMarkBitMap*) 0x00007fffdbfd3450
 Begin Bits: [0x00000203c7a50000, 0x00000203c9a50000)
 End Bits:   [0x00000203c9a50000, 0x00000203cba50000)

Polling page: 0x00000203b3770000

Metaspace:

Usage:
  Non-class:     54.87 MB used.
      Class:      6.46 MB used.
       Both:     61.33 MB used.

Virtual space:
  Non-class space:       64.00 MB reserved,      55.69 MB ( 87%) committed,  1 nodes.
      Class space:        1.00 GB reserved,       7.06 MB ( <1%) committed,  1 nodes.
             Both:        1.06 GB reserved,      62.75 MB (  6%) committed. 

Chunk freelists:
   Non-Class:  7.80 MB
       Class:  8.78 MB
        Both:  16.58 MB

MaxMetaspaceSize: unlimited
CompressedClassSpaceSize: 1.00 GB
Initial GC threshold: 21.00 MB
Current GC threshold: 97.31 MB
CDS: on
 - commit_granule_bytes: 65536.
 - commit_granule_words: 8192.
 - virtual_space_node_default_size: 8388608.
 - enlarge_chunks_in_place: 1.
 - use_allocation_guard: 0.


Internal statistics:

num_allocs_failed_limit: 9.
num_arena_births: 1176.
num_arena_deaths: 22.
num_vsnodes_births: 2.
num_vsnodes_deaths: 0.
num_space_committed: 1004.
num_space_uncommitted: 0.
num_chunks_returned_to_freelist: 35.
num_chunks_taken_from_freelist: 4084.
num_chunk_merges: 17.
num_chunk_splits: 2547.
num_chunks_enlarged: 1459.
num_inconsistent_stats: 0.

CodeHeap 'non-profiled nmethods': size=119168Kb used=7457Kb max_used=7457Kb free=111710Kb
 bounds [0x00000203c0340000, 0x00000203c0a90000, 0x00000203c77a0000]
CodeHeap 'profiled nmethods': size=119104Kb used=24466Kb max_used=24466Kb free=94637Kb
 bounds [0x00000203b87a0000, 0x00000203b9f90000, 0x00000203bfbf0000]
CodeHeap 'non-nmethods': size=7488Kb used=1423Kb max_used=3184Kb free=6064Kb
 bounds [0x00000203bfbf0000, 0x00000203bff70000, 0x00000203c0340000]
CodeCache: size=245760Kb, used=33346Kb, max_used=35107Kb, free=212411Kb
 total_blobs=11458, nmethods=10728, adapters=635, full_count=0
Compilation: enabled, stopped_count=0, restarted_count=0

Compilation events (20 events):
Event: 3879.578 Thread 0x000002040e4b1010 11552       3       java.lang.ProcessHandleImpl::isAlive (44 bytes)
Event: 3879.578 Thread 0x000002040e4b1010 nmethod 11552 0x00000203b9f7ae90 code [0x00000203b9f7b040, 0x00000203b9f7b2a0]
Event: 4657.982 Thread 0x000002040e4b1010 11553   !   3       java.lang.ref.ReferenceQueue::remove (61 bytes)
Event: 4657.983 Thread 0x000002040e4b1010 nmethod 11553 0x00000203b9f7b390 code [0x00000203b9f7b620, 0x00000203b9f7c1a8]
Event: 4657.983 Thread 0x000002040e4b1010 11554       3       java.lang.ref.ReferenceQueue::remove0 (64 bytes)
Event: 4657.984 Thread 0x000002040e4b1010 nmethod 11554 0x00000203b9f7c590 code [0x00000203b9f7c7a0, 0x00000203b9f7cc20]
Event: 4686.081 Thread 0x000002040e4b1010 11555       3       java.util.concurrent.locks.AbstractQueuedSynchronizer$ConditionObject::await (202 bytes)
Event: 4686.083 Thread 0x000002040e4b1010 nmethod 11555 0x00000203b9f7cd90 code [0x00000203b9f7d080, 0x00000203b9f7deb0]
Event: 4745.473 Thread 0x000002040e4b1010 11556   !   3       org.eclipse.core.internal.jobs.JobManager::nextJob (291 bytes)
Event: 4745.480 Thread 0x000002040e4b1010 nmethod 11556 0x00000203b9f7e490 code [0x00000203b9f7e920, 0x00000203b9f80a58]
Event: 4805.362 Thread 0x000002040e4b1010 11557       3       org.eclipse.core.internal.jobs.JobManager::startJob (89 bytes)
Event: 4805.372 Thread 0x00000203b564f630 11560       4       java.util.HashMap$Node::setValue (12 bytes)
Event: 4805.374 Thread 0x00000203b564f630 nmethod 11560 0x00000203c0a88310 code [0x00000203c0a884a0, 0x00000203c0a88548]
Event: 4805.379 Thread 0x000002040e4b1010 nmethod 11557 0x00000203b9f81b90 code [0x00000203b9f81e40, 0x00000203b9f82ca0]
Event: 4805.379 Thread 0x000002040e4b1010 11561       3       org.eclipse.core.runtime.jobs.Job::getJobGroup (5 bytes)
Event: 4805.380 Thread 0x000002040e4b1010 nmethod 11561 0x00000203b9f83110 code [0x00000203b9f832a0, 0x00000203b9f833c0]
Event: 4805.380 Thread 0x000002040e4b1010 11559   !   3       org.eclipse.core.internal.jobs.JobManager::sleepHint (67 bytes)
Event: 4805.381 Thread 0x000002040e4b1010 nmethod 11559 0x00000203b9f83490 code [0x00000203b9f83700, 0x00000203b9f841d0]
Event: 4805.381 Thread 0x000002040e4b1010 11558       3       org.eclipse.core.internal.jobs.JobQueue::isEmpty (18 bytes)
Event: 4805.381 Thread 0x000002040e4b1010 nmethod 11558 0x00000203b9f84690 code [0x00000203b9f84840, 0x00000203b9f849d0]

GC Heap History (20 events):
Event: 13.977 GC heap before
{Heap before GC invocations=76 (full 2):
 PSYoungGen      total 17408K, used 16962K [0x00000000d5580000, 0x00000000d6780000, 0x0000000100000000)
  eden space 16384K, 100% used [0x00000000d5580000,0x00000000d6580000,0x00000000d6580000)
  from space 1024K, 56% used [0x00000000d6580000,0x00000000d66108a8,0x00000000d6680000)
  to   space 1024K, 0% used [0x00000000d6680000,0x00000000d6680000,0x00000000d6780000)
 ParOldGen       total 75264K, used 74862K [0x0000000080000000, 0x0000000084980000, 0x00000000d5580000)
  object space 75264K, 99% used [0x0000000080000000,0x000000008491b9d0,0x0000000084980000)
 Metaspace       used 58254K, committed 59712K, reserved 1114112K
  class space    used 6218K, committed 6848K, reserved 1048576K
}
Event: 13.978 GC heap after
{Heap after GC invocations=76 (full 2):
 PSYoungGen      total 16896K, used 448K [0x00000000d5580000, 0x00000000d6700000, 0x0000000100000000)
  eden space 16384K, 0% used [0x00000000d5580000,0x00000000d5580000,0x00000000d6580000)
  from space 512K, 87% used [0x00000000d6680000,0x00000000d66f0000,0x00000000d6700000)
  to   space 512K, 0% used [0x00000000d6600000,0x00000000d6600000,0x00000000d6680000)
 ParOldGen       total 76288K, used 75892K [0x0000000080000000, 0x0000000084a80000, 0x00000000d5580000)
  object space 76288K, 99% used [0x0000000080000000,0x0000000084a1d330,0x0000000084a80000)
 Metaspace       used 58254K, committed 59712K, reserved 1114112K
  class space    used 6218K, committed 6848K, reserved 1048576K
}
Event: 13.997 GC heap before
{Heap before GC invocations=77 (full 2):
 PSYoungGen      total 16896K, used 13761K [0x00000000d5580000, 0x00000000d6700000, 0x0000000100000000)
  eden space 16384K, 81% used [0x00000000d5580000,0x00000000d6280610,0x00000000d6580000)
  from space 512K, 87% used [0x00000000d6680000,0x00000000d66f0000,0x00000000d6700000)
  to   space 512K, 0% used [0x00000000d6600000,0x00000000d6600000,0x00000000d6680000)
 ParOldGen       total 76288K, used 75892K [0x0000000080000000, 0x0000000084a80000, 0x00000000d5580000)
  object space 76288K, 99% used [0x0000000080000000,0x0000000084a1d330,0x0000000084a80000)
 Metaspace       used 58366K, committed 59776K, reserved 1114112K
  class space    used 6225K, committed 6848K, reserved 1048576K
}
Event: 13.998 GC heap after
{Heap after GC invocations=77 (full 2):
 PSYoungGen      total 16896K, used 506K [0x00000000d5580000, 0x00000000d6780000, 0x0000000100000000)
  eden space 16384K, 0% used [0x00000000d5580000,0x00000000d5580000,0x00000000d6580000)
  from space 512K, 98% used [0x00000000d6600000,0x00000000d667e900,0x00000000d6680000)
  to   space 1024K, 0% used [0x00000000d6680000,0x00000000d6680000,0x00000000d6780000)
 ParOldGen       total 76288K, used 76116K [0x0000000080000000, 0x0000000084a80000, 0x00000000d5580000)
  object space 76288K, 99% used [0x0000000080000000,0x0000000084a55330,0x0000000084a80000)
 Metaspace       used 58366K, committed 59776K, reserved 1114112K
  class space    used 6225K, committed 6848K, reserved 1048576K
}
Event: 13.998 GC heap before
{Heap before GC invocations=78 (full 3):
 PSYoungGen      total 16896K, used 506K [0x00000000d5580000, 0x00000000d6780000, 0x0000000100000000)
  eden space 16384K, 0% used [0x00000000d5580000,0x00000000d5580000,0x00000000d6580000)
  from space 512K, 98% used [0x00000000d6600000,0x00000000d667e900,0x00000000d6680000)
  to   space 1024K, 0% used [0x00000000d6680000,0x00000000d6680000,0x00000000d6780000)
 ParOldGen       total 76288K, used 76116K [0x0000000080000000, 0x0000000084a80000, 0x00000000d5580000)
  object space 76288K, 99% used [0x0000000080000000,0x0000000084a55330,0x0000000084a80000)
 Metaspace       used 58366K, committed 59776K, reserved 1114112K
  class space    used 6225K, committed 6848K, reserved 1048576K
}
Event: 14.090 GC heap after
{Heap after GC invocations=78 (full 3):
 PSYoungGen      total 16896K, used 0K [0x00000000d5580000, 0x00000000d6780000, 0x0000000100000000)
  eden space 16384K, 0% used [0x00000000d5580000,0x00000000d5580000,0x00000000d6580000)
  from space 512K, 0% used [0x00000000d6600000,0x00000000d6600000,0x00000000d6680000)
  to   space 1024K, 0% used [0x00000000d6680000,0x00000000d6680000,0x00000000d6780000)
 ParOldGen       total 76288K, used 58445K [0x0000000080000000, 0x0000000084a80000, 0x00000000d5580000)
  object space 76288K, 76% used [0x0000000080000000,0x00000000839135b8,0x0000000084a80000)
 Metaspace       used 58359K, committed 59776K, reserved 1114112K
  class space    used 6223K, committed 6848K, reserved 1048576K
}
Event: 14.379 GC heap before
{Heap before GC invocations=79 (full 3):
 PSYoungGen      total 16896K, used 16384K [0x00000000d5580000, 0x00000000d6780000, 0x0000000100000000)
  eden space 16384K, 100% used [0x00000000d5580000,0x00000000d6580000,0x00000000d6580000)
  from space 512K, 0% used [0x00000000d6600000,0x00000000d6600000,0x00000000d6680000)
  to   space 1024K, 0% used [0x00000000d6680000,0x00000000d6680000,0x00000000d6780000)
 ParOldGen       total 76288K, used 58445K [0x0000000080000000, 0x0000000084a80000, 0x00000000d5580000)
  object space 76288K, 76% used [0x0000000080000000,0x0000000083913638,0x0000000084a80000)
 Metaspace       used 59771K, committed 61248K, reserved 1114112K
  class space    used 6374K, committed 6976K, reserved 1048576K
}
Event: 14.381 GC heap after
{Heap after GC invocations=79 (full 3):
 PSYoungGen      total 15360K, used 1004K [0x00000000d5580000, 0x00000000d6b80000, 0x0000000100000000)
  eden space 14336K, 0% used [0x00000000d5580000,0x00000000d5580000,0x00000000d6380000)
  from space 1024K, 98% used [0x00000000d6680000,0x00000000d677b3d8,0x00000000d6780000)
  to   space 3072K, 0% used [0x00000000d6380000,0x00000000d6380000,0x00000000d6680000)
 ParOldGen       total 76288K, used 59756K [0x0000000080000000, 0x0000000084a80000, 0x00000000d5580000)
  object space 76288K, 78% used [0x0000000080000000,0x0000000083a5b028,0x0000000084a80000)
 Metaspace       used 59771K, committed 61248K, reserved 1114112K
  class space    used 6374K, committed 6976K, reserved 1048576K
}
Event: 14.427 GC heap before
{Heap before GC invocations=80 (full 3):
 PSYoungGen      total 15360K, used 15340K [0x00000000d5580000, 0x00000000d6b80000, 0x0000000100000000)
  eden space 14336K, 100% used [0x00000000d5580000,0x00000000d6380000,0x00000000d6380000)
  from space 1024K, 98% used [0x00000000d6680000,0x00000000d677b3d8,0x00000000d6780000)
  to   space 3072K, 0% used [0x00000000d6380000,0x00000000d6380000,0x00000000d6680000)
 ParOldGen       total 76288K, used 59944K [0x0000000080000000, 0x0000000084a80000, 0x00000000d5580000)
  object space 76288K, 78% used [0x0000000080000000,0x0000000083a8a350,0x0000000084a80000)
 Metaspace       used 59951K, committed 61376K, reserved 1114112K
  class space    used 6388K, committed 6976K, reserved 1048576K
}
Event: 14.431 GC heap after
{Heap after GC invocations=80 (full 3):
 PSYoungGen      total 15360K, used 952K [0x00000000d5580000, 0x00000000d6700000, 0x0000000100000000)
  eden space 14336K, 0% used [0x00000000d5580000,0x00000000d5580000,0x00000000d6380000)
  from space 1024K, 92% used [0x00000000d6380000,0x00000000d646e018,0x00000000d6480000)
  to   space 1536K, 0% used [0x00000000d6580000,0x00000000d6580000,0x00000000d6700000)
 ParOldGen       total 76288K, used 60885K [0x0000000080000000, 0x0000000084a80000, 0x00000000d5580000)
  object space 76288K, 79% used [0x0000000080000000,0x0000000083b755b0,0x0000000084a80000)
 Metaspace       used 59951K, committed 61376K, reserved 1114112K
  class space    used 6388K, committed 6976K, reserved 1048576K
}
Event: 14.477 GC heap before
{Heap before GC invocations=81 (full 3):
 PSYoungGen      total 15360K, used 15288K [0x00000000d5580000, 0x00000000d6700000, 0x0000000100000000)
  eden space 14336K, 100% used [0x00000000d5580000,0x00000000d6380000,0x00000000d6380000)
  from space 1024K, 92% used [0x00000000d6380000,0x00000000d646e018,0x00000000d6480000)
  to   space 1536K, 0% used [0x00000000d6580000,0x00000000d6580000,0x00000000d6700000)
 ParOldGen       total 76288K, used 60885K [0x0000000080000000, 0x0000000084a80000, 0x00000000d5580000)
  object space 76288K, 79% used [0x0000000080000000,0x0000000083b755b0,0x0000000084a80000)
 Metaspace       used 60020K, committed 61504K, reserved 1114112K
  class space    used 6400K, committed 7040K, reserved 1048576K
}
Event: 14.479 GC heap after
{Heap after GC invocations=81 (full 3):
 PSYoungGen      total 15360K, used 950K [0x00000000d5580000, 0x00000000d6680000, 0x0000000100000000)
  eden space 14336K, 0% used [0x00000000d5580000,0x00000000d5580000,0x00000000d6380000)
  from space 1024K, 92% used [0x00000000d6580000,0x00000000d666da18,0x00000000d6680000)
  to   space 1536K, 0% used [0x00000000d6380000,0x00000000d6380000,0x00000000d6500000)
 ParOldGen       total 76288K, used 61286K [0x0000000080000000, 0x0000000084a80000, 0x00000000d5580000)
  object space 76288K, 80% used [0x0000000080000000,0x0000000083bd9920,0x0000000084a80000)
 Metaspace       used 60020K, committed 61504K, reserved 1114112K
  class space    used 6400K, committed 7040K, reserved 1048576K
}
Event: 14.587 GC heap before
{Heap before GC invocations=82 (full 3):
 PSYoungGen      total 15360K, used 15286K [0x00000000d5580000, 0x00000000d6680000, 0x0000000100000000)
  eden space 14336K, 100% used [0x00000000d5580000,0x00000000d6380000,0x00000000d6380000)
  from space 1024K, 92% used [0x00000000d6580000,0x00000000d666da18,0x00000000d6680000)
  to   space 1536K, 0% used [0x00000000d6380000,0x00000000d6380000,0x00000000d6500000)
 ParOldGen       total 76288K, used 61286K [0x0000000080000000, 0x0000000084a80000, 0x00000000d5580000)
  object space 76288K, 80% used [0x0000000080000000,0x0000000083bd9920,0x0000000084a80000)
 Metaspace       used 61364K, committed 62848K, reserved 1114112K
  class space    used 6513K, committed 7168K, reserved 1048576K
}
Event: 14.588 GC heap after
{Heap after GC invocations=82 (full 3):
 PSYoungGen      total 15872K, used 352K [0x00000000d5580000, 0x00000000d6600000, 0x0000000100000000)
  eden space 14336K, 0% used [0x00000000d5580000,0x00000000d5580000,0x00000000d6380000)
  from space 1536K, 22% used [0x00000000d6380000,0x00000000d63d8000,0x00000000d6500000)
  to   space 1024K, 0% used [0x00000000d6500000,0x00000000d6500000,0x00000000d6600000)
 ParOldGen       total 76288K, used 61407K [0x0000000080000000, 0x0000000084a80000, 0x00000000d5580000)
  object space 76288K, 80% used [0x0000000080000000,0x0000000083bf7d90,0x0000000084a80000)
 Metaspace       used 61364K, committed 62848K, reserved 1114112K
  class space    used 6513K, committed 7168K, reserved 1048576K
}
Event: 14.755 GC heap before
{Heap before GC invocations=83 (full 3):
 PSYoungGen      total 15872K, used 14688K [0x00000000d5580000, 0x00000000d6600000, 0x0000000100000000)
  eden space 14336K, 100% used [0x00000000d5580000,0x00000000d6380000,0x00000000d6380000)
  from space 1536K, 22% used [0x00000000d6380000,0x00000000d63d8000,0x00000000d6500000)
  to   space 1024K, 0% used [0x00000000d6500000,0x00000000d6500000,0x00000000d6600000)
 ParOldGen       total 76288K, used 61407K [0x0000000080000000, 0x0000000084a80000, 0x00000000d5580000)
  object space 76288K, 80% used [0x0000000080000000,0x0000000083bf7d90,0x0000000084a80000)
 Metaspace       used 61689K, committed 63168K, reserved 1114112K
  class space    used 6540K, committed 7168K, reserved 1048576K
}
Event: 14.757 GC heap after
{Heap after GC invocations=83 (full 3):
 PSYoungGen      total 14336K, used 1010K [0x00000000d5580000, 0x00000000d6880000, 0x0000000100000000)
  eden space 13312K, 0% used [0x00000000d5580000,0x00000000d5580000,0x00000000d6280000)
  from space 1024K, 98% used [0x00000000d6500000,0x00000000d65fc858,0x00000000d6600000)
  to   space 2560K, 0% used [0x00000000d6280000,0x00000000d6280000,0x00000000d6500000)
 ParOldGen       total 76288K, used 62252K [0x0000000080000000, 0x0000000084a80000, 0x00000000d5580000)
  object space 76288K, 81% used [0x0000000080000000,0x0000000083ccb1e0,0x0000000084a80000)
 Metaspace       used 61689K, committed 63168K, reserved 1114112K
  class space    used 6540K, committed 7168K, reserved 1048576K
}
Event: 14.948 GC heap before
{Heap before GC invocations=84 (full 3):
 PSYoungGen      total 14336K, used 14322K [0x00000000d5580000, 0x00000000d6880000, 0x0000000100000000)
  eden space 13312K, 100% used [0x00000000d5580000,0x00000000d6280000,0x00000000d6280000)
  from space 1024K, 98% used [0x00000000d6500000,0x00000000d65fc858,0x00000000d6600000)
  to   space 2560K, 0% used [0x00000000d6280000,0x00000000d6280000,0x00000000d6500000)
 ParOldGen       total 76288K, used 62252K [0x0000000080000000, 0x0000000084a80000, 0x00000000d5580000)
  object space 76288K, 81% used [0x0000000080000000,0x0000000083ccb1e0,0x0000000084a80000)
 Metaspace       used 62223K, committed 63616K, reserved 1114112K
  class space    used 6577K, committed 7168K, reserved 1048576K
}
Event: 14.950 GC heap after
{Heap after GC invocations=84 (full 3):
 PSYoungGen      total 14848K, used 1387K [0x00000000d5580000, 0x00000000d6680000, 0x0000000100000000)
  eden space 13312K, 0% used [0x00000000d5580000,0x00000000d5580000,0x00000000d6280000)
  from space 1536K, 90% used [0x00000000d6280000,0x00000000d63daf78,0x00000000d6400000)
  to   space 2048K, 0% used [0x00000000d6480000,0x00000000d6480000,0x00000000d6680000)
 ParOldGen       total 76288K, used 63208K [0x0000000080000000, 0x0000000084a80000, 0x00000000d5580000)
  object space 76288K, 82% used [0x0000000080000000,0x0000000083dba250,0x0000000084a80000)
 Metaspace       used 62223K, committed 63616K, reserved 1114112K
  class space    used 6577K, committed 7168K, reserved 1048576K
}
Event: 31.241 GC heap before
{Heap before GC invocations=85 (full 3):
 PSYoungGen      total 14848K, used 14699K [0x00000000d5580000, 0x00000000d6680000, 0x0000000100000000)
  eden space 13312K, 100% used [0x00000000d5580000,0x00000000d6280000,0x00000000d6280000)
  from space 1536K, 90% used [0x00000000d6280000,0x00000000d63daf78,0x00000000d6400000)
  to   space 2048K, 0% used [0x00000000d6480000,0x00000000d6480000,0x00000000d6680000)
 ParOldGen       total 76288K, used 63208K [0x0000000080000000, 0x0000000084a80000, 0x00000000d5580000)
  object space 76288K, 82% used [0x0000000080000000,0x0000000083dba250,0x0000000084a80000)
 Metaspace       used 62521K, committed 64000K, reserved 1114112K
  class space    used 6603K, committed 7232K, reserved 1048576K
}
Event: 31.244 GC heap after
{Heap after GC invocations=85 (full 3):
 PSYoungGen      total 15360K, used 1694K [0x00000000d5580000, 0x00000000d6680000, 0x0000000100000000)
  eden space 13312K, 0% used [0x00000000d5580000,0x00000000d5580000,0x00000000d6280000)
  from space 2048K, 82% used [0x00000000d6480000,0x00000000d6627ae0,0x00000000d6680000)
  to   space 2048K, 0% used [0x00000000d6280000,0x00000000d6280000,0x00000000d6480000)
 ParOldGen       total 76288K, used 63987K [0x0000000080000000, 0x0000000084a80000, 0x00000000d5580000)
  object space 76288K, 83% used [0x0000000080000000,0x0000000083e7cc10,0x0000000084a80000)
 Metaspace       used 62521K, committed 64000K, reserved 1114112K
  class space    used 6603K, committed 7232K, reserved 1048576K
}

Dll operation events (10 events):
Event: 0.013 Loaded shared library c:\Users\Admin\.antigravity\extensions\redhat.java-1.54.0-win32-x64\jre\21.0.10-win32-x86_64\bin\java.dll
Event: 0.079 Loaded shared library c:\Users\Admin\.antigravity\extensions\redhat.java-1.54.0-win32-x64\jre\21.0.10-win32-x86_64\bin\zip.dll
Event: 0.100 Loaded shared library C:\Users\Admin\.antigravity\extensions\redhat.java-1.54.0-win32-x64\jre\21.0.10-win32-x86_64\bin\instrument.dll
Event: 0.106 Loaded shared library C:\Users\Admin\.antigravity\extensions\redhat.java-1.54.0-win32-x64\jre\21.0.10-win32-x86_64\bin\net.dll
Event: 0.109 Loaded shared library C:\Users\Admin\.antigravity\extensions\redhat.java-1.54.0-win32-x64\jre\21.0.10-win32-x86_64\bin\nio.dll
Event: 0.113 Loaded shared library C:\Users\Admin\.antigravity\extensions\redhat.java-1.54.0-win32-x64\jre\21.0.10-win32-x86_64\bin\zip.dll
Event: 0.131 Loaded shared library C:\Users\Admin\.antigravity\extensions\redhat.java-1.54.0-win32-x64\jre\21.0.10-win32-x86_64\bin\jimage.dll
Event: 0.208 Loaded shared library c:\Users\Admin\.antigravity\extensions\redhat.java-1.54.0-win32-x64\jre\21.0.10-win32-x86_64\bin\verify.dll
Event: 1.412 Loaded shared library C:\Users\Admin\AppData\Roaming\Antigravity\User\globalStorage\redhat.java\1.54.0\config_win\org.eclipse.equinox.launcher\org.eclipse.equinox.launcher.win32.win32.x86_64_1.3.0.v20260203-2149\eclipse_11919.dll
Event: 5.198 Loaded shared library C:\Users\Admin\AppData\Local\Temp\jna-63116079\jna14231697878076734600.dll

Deoptimization events (20 events):
Event: 14.941 Thread 0x0000020414f3c7a0 Uncommon trap: trap_request=0xffffff45 fr.pc=0x00000203c0399424 relative=0x0000000000000444
Event: 14.941 Thread 0x0000020414f3c7a0 Uncommon trap: reason=unstable_if action=reinterpret pc=0x00000203c0399424 method=java.util.HashMap.resize()[Ljava/util/HashMap$Node; @ 203 c2
Event: 14.941 Thread 0x0000020414f3c7a0 DEOPT PACKING pc=0x00000203c0399424 sp=0x0000002dde6ff080
Event: 14.941 Thread 0x0000020414f3c7a0 DEOPT UNPACKING pc=0x00000203bfc43aa2 sp=0x0000002dde6fefe0 mode 2
Event: 14.952 Thread 0x0000020414f3ad60 Uncommon trap: trap_request=0xffffff45 fr.pc=0x00000203c09c0ab8 relative=0x00000000000008b8
Event: 14.952 Thread 0x0000020414f3ad60 Uncommon trap: reason=unstable_if action=reinterpret pc=0x00000203c09c0ab8 method=org.eclipse.jdt.internal.compiler.util.CharDeduplication.sharedCopyOfRange([CII)[C @ 147 c2
Event: 14.953 Thread 0x0000020414f3ad60 DEOPT PACKING pc=0x00000203c09c0ab8 sp=0x0000002dddffcde0
Event: 14.953 Thread 0x0000020414f3ad60 DEOPT UNPACKING pc=0x00000203bfc43aa2 sp=0x0000002dddffcd70 mode 2
Event: 14.972 Thread 0x0000020414f3ad60 Uncommon trap: trap_request=0xffffff45 fr.pc=0x00000203c055fde8 relative=0x0000000000000148
Event: 14.972 Thread 0x0000020414f3ad60 Uncommon trap: reason=unstable_if action=reinterpret pc=0x00000203c055fde8 method=java.util.HashMap.getNode(Ljava/lang/Object;)Ljava/util/HashMap$Node; @ 66 c2
Event: 14.973 Thread 0x0000020414f3ad60 DEOPT PACKING pc=0x00000203c055fde8 sp=0x0000002dddffe190
Event: 14.973 Thread 0x0000020414f3ad60 DEOPT UNPACKING pc=0x00000203bfc43aa2 sp=0x0000002dddffe040 mode 2
Event: 14.973 Thread 0x0000020414f3ad60 Uncommon trap: trap_request=0xffffff45 fr.pc=0x00000203c06d4018 relative=0x0000000000000db8
Event: 14.973 Thread 0x0000020414f3ad60 Uncommon trap: reason=unstable_if action=reinterpret pc=0x00000203c06d4018 method=java.util.HashMap.putVal(ILjava/lang/Object;Ljava/lang/Object;ZZ)Ljava/lang/Object; @ 94 c2
Event: 14.973 Thread 0x0000020414f3ad60 DEOPT PACKING pc=0x00000203c06d4018 sp=0x0000002dddffe170
Event: 14.973 Thread 0x0000020414f3ad60 DEOPT UNPACKING pc=0x00000203bfc43aa2 sp=0x0000002dddffe010 mode 2
Event: 14.989 Thread 0x0000020414f3ad60 DEOPT PACKING pc=0x00000203b9b243e2 sp=0x0000002dddffd9e0
Event: 14.989 Thread 0x0000020414f3ad60 DEOPT UNPACKING pc=0x00000203bfc44242 sp=0x0000002dddffcf78 mode 0
Event: 15.024 Thread 0x0000020414f3ad60 DEOPT PACKING pc=0x00000203b8987ed8 sp=0x0000002dddffda90
Event: 15.024 Thread 0x0000020414f3ad60 DEOPT UNPACKING pc=0x00000203bfc44242 sp=0x0000002dddffcf98 mode 0

Classes loaded (20 events):
Event: 31.268 Loading class sun/util/cldr/CLDRTimeZoneNameProviderImpl
Event: 31.268 Loading class sun/util/locale/provider/TimeZoneNameProviderImpl
Event: 31.268 Loading class sun/util/locale/provider/TimeZoneNameProviderImpl done
Event: 31.268 Loading class sun/util/cldr/CLDRTimeZoneNameProviderImpl done
Event: 31.270 Loading class sun/util/resources/cldr/TimeZoneNames
Event: 31.270 Loading class sun/util/resources/TimeZoneNamesBundle
Event: 31.270 Loading class sun/util/resources/OpenListResourceBundle
Event: 31.270 Loading class sun/util/resources/OpenListResourceBundle done
Event: 31.270 Loading class sun/util/resources/TimeZoneNamesBundle done
Event: 31.270 Loading class sun/util/resources/cldr/TimeZoneNames done
Event: 31.270 Loading class sun/util/resources/cldr/TimeZoneNames_en
Event: 31.273 Loading class sun/util/resources/cldr/TimeZoneNames_en done
Event: 31.273 Loading class sun/util/resources/cldr/TimeZoneNames_en_US
Event: 31.273 Loading class sun/util/resources/cldr/TimeZoneNames_en_US done
Event: 31.276 Loading class sun/util/cldr/CLDRBaseLocaleDataMetaInfo$TZCanonicalIDMapHolder
Event: 31.277 Loading class sun/util/cldr/CLDRBaseLocaleDataMetaInfo$TZCanonicalIDMapHolder done
Event: 31.280 Loading class sun/util/resources/TimeZoneNames
Event: 31.282 Loading class sun/util/resources/TimeZoneNames done
Event: 31.282 Loading class sun/util/resources/TimeZoneNames_en
Event: 31.282 Loading class sun/util/resources/TimeZoneNames_en done

Classes unloaded (11 events):
Event: 5.850 Thread 0x000002040d1e4130 Unloading class 0x00000203cd1ad400 'java/lang/invoke/LambdaForm$MH+0x00000203cd1ad400'
Event: 5.850 Thread 0x000002040d1e4130 Unloading class 0x00000203cd1ad000 'java/lang/invoke/LambdaForm$MH+0x00000203cd1ad000'
Event: 5.850 Thread 0x000002040d1e4130 Unloading class 0x00000203cd1acc00 'java/lang/invoke/LambdaForm$MH+0x00000203cd1acc00'
Event: 5.850 Thread 0x000002040d1e4130 Unloading class 0x00000203cd1ac800 'java/lang/invoke/LambdaForm$MH+0x00000203cd1ac800'
Event: 5.850 Thread 0x000002040d1e4130 Unloading class 0x00000203cd1ac400 'java/lang/invoke/LambdaForm$BMH+0x00000203cd1ac400'
Event: 5.851 Thread 0x000002040d1e4130 Unloading class 0x00000203cd1ac000 'java/lang/invoke/LambdaForm$DMH+0x00000203cd1ac000'
Event: 5.851 Thread 0x000002040d1e4130 Unloading class 0x00000203cd1aac00 'java/lang/invoke/LambdaForm$DMH+0x00000203cd1aac00'
Event: 14.010 Thread 0x000002040d1e4130 Unloading class 0x00000203cd6bac00 'java/lang/invoke/LambdaForm$DMH+0x00000203cd6bac00'
Event: 14.010 Thread 0x000002040d1e4130 Unloading class 0x00000203cd6bb400 'java/lang/invoke/LambdaForm$DMH+0x00000203cd6bb400'
Event: 14.010 Thread 0x000002040d1e4130 Unloading class 0x00000203cd6ba800 'java/lang/invoke/LambdaForm$DMH+0x00000203cd6ba800'
Event: 14.010 Thread 0x000002040d1e4130 Unloading class 0x00000203cd6bb000 'java/lang/invoke/LambdaForm$DMH+0x00000203cd6bb000'

Classes redefined (0 events):
No events

Internal exceptions (20 events):
Event: 13.219 Thread 0x0000020414f3c7a0 Exception <a 'sun/nio/fs/WindowsException'{0x00000000d5901800}> (0x00000000d5901800) 
thrown [s\src\hotspot\share\prims\jni.cpp, line 520]
Event: 13.377 Thread 0x0000020414f3ad60 Implicit null exception at 0x00000203c0733606 to 0x00000203c0733731
Event: 13.585 Thread 0x00000204188d3300 Exception <a 'sun/nio/fs/WindowsException'{0x00000000d6245750}> (0x00000000d6245750) 
thrown [s\src\hotspot\share\prims\jni.cpp, line 520]
Event: 13.585 Thread 0x00000204188d3300 Exception <a 'sun/nio/fs/WindowsException'{0x00000000d6246138}> (0x00000000d6246138) 
thrown [s\src\hotspot\share\prims\jni.cpp, line 520]
Event: 13.586 Thread 0x00000204188d3300 Exception <a 'sun/nio/fs/WindowsException'{0x00000000d62b3530}> (0x00000000d62b3530) 
thrown [s\src\hotspot\share\prims\jni.cpp, line 520]
Event: 13.586 Thread 0x00000204188d3300 Exception <a 'sun/nio/fs/WindowsException'{0x00000000d62b3ef8}> (0x00000000d62b3ef8) 
thrown [s\src\hotspot\share\prims\jni.cpp, line 520]
Event: 13.586 Thread 0x00000204188d3300 Exception <a 'sun/nio/fs/WindowsException'{0x00000000d6307160}> (0x00000000d6307160) 
thrown [s\src\hotspot\share\prims\jni.cpp, line 520]
Event: 13.586 Thread 0x00000204188d3300 Exception <a 'sun/nio/fs/WindowsException'{0x00000000d6307b28}> (0x00000000d6307b28) 
thrown [s\src\hotspot\share\prims\jni.cpp, line 520]
Event: 13.592 Thread 0x00000204188d3300 Exception <a 'sun/nio/fs/WindowsException'{0x00000000d57c9b10}> (0x00000000d57c9b10) 
thrown [s\src\hotspot\share\prims\jni.cpp, line 520]
Event: 13.592 Thread 0x00000204188d3300 Exception <a 'sun/nio/fs/WindowsException'{0x00000000d5813698}> (0x00000000d5813698) 
thrown [s\src\hotspot\share\prims\jni.cpp, line 520]
Event: 14.151 Thread 0x0000020414f3c7a0 Exception <a 'sun/nio/fs/WindowsException'{0x00000000d5a30a60}> (0x00000000d5a30a60) 
thrown [s\src\hotspot\share\prims\jni.cpp, line 520]
Event: 14.151 Thread 0x0000020414f3c7a0 Exception <a 'sun/nio/fs/WindowsException'{0x00000000d5a31178}> (0x00000000d5a31178) 
thrown [s\src\hotspot\share\prims\jni.cpp, line 520]
Event: 14.169 Thread 0x0000020414f3ad60 Exception <a 'java/lang/NoSuchMethodError'{0x00000000d5afdaa0}: 'int java.lang.invoke.DirectMethodHandle$Holder.invokeSpecialIFC(java.lang.Object, java.lang.Object, java.lang.Object)'> (0x00000000d5afdaa0) 
thrown [s\src\hotspot\share\interpreter\linkResolver.cpp, line 773]
Event: 14.305 Thread 0x0000020414f3c7a0 Exception <a 'java/lang/NoSuchMethodError'{0x00000000d5ffef98}: 'java.lang.Object java.lang.invoke.DirectMethodHandle$Holder.invokeStatic(java.lang.Object, java.lang.Object, int, java.lang.Object)'> (0x00000000d5ffef98) 
thrown [s\src\hotspot\share\interpreter\linkResolver.cpp, line 773]
Event: 14.310 Thread 0x0000020414f3c7a0 Exception <a 'java/lang/NoSuchMethodError'{0x00000000d60055c8}: 'java.lang.Object java.lang.invoke.DirectMethodHandle$Holder.newInvokeSpecial(java.lang.Object, java.lang.Object, int)'> (0x00000000d60055c8) 
thrown [s\src\hotspot\share\interpreter\linkResolver.cpp, line 773]
Event: 14.496 Thread 0x0000020414f3ad60 Exception <a 'java/io/FileNotFoundException'{0x00000000d5cc5508}> (0x00000000d5cc5508) 
thrown [s\src\hotspot\share\prims\jni.cpp, line 520]
Event: 14.496 Thread 0x0000020414f3ad60 Exception <a 'java/io/FileNotFoundException'{0x00000000d5cc6620}> (0x00000000d5cc6620) 
thrown [s\src\hotspot\share\prims\jni.cpp, line 520]
Event: 14.497 Thread 0x0000020414f3ad60 Exception <a 'java/io/FileNotFoundException'{0x00000000d5cc73a0}> (0x00000000d5cc73a0) 
thrown [s\src\hotspot\share\prims\jni.cpp, line 520]
Event: 14.883 Thread 0x0000020414f3ad60 Exception <a 'java/lang/NoSuchMethodError'{0x00000000d5dbb760}: 'java.lang.Object java.lang.invoke.DirectMethodHandle$Holder.invokeStatic(java.lang.Object, java.lang.Object, int, java.lang.Object, java.lang.Object)'> (0x00000000d5dbb760) 
thrown [s\src\hotspot\share\interpreter\linkResolver.cpp, line 773]
Event: 2803.489 Thread 0x00000204178f49e0 Exception <a 'java/lang/IncompatibleClassChangeError'{0x00000000d5767d60}: Found class java.lang.Object, but interface was expected> (0x00000000d5767d60) 
thrown [s\src\hotspot\share\interpreter\linkResolver.cpp, line 840]

ZGC Phase Switch (0 events):
No events

VM Operations (20 events):
Event: 4628.759 Executing non-safepoint VM operation: HandshakeAllThreads (HandshakeForDeflation)
Event: 4628.759 Executing non-safepoint VM operation: HandshakeAllThreads (HandshakeForDeflation) done
Event: 4628.759 Executing non-safepoint VM operation: RendezvousGCThreads
Event: 4628.759 Executing non-safepoint VM operation: RendezvousGCThreads done
Event: 4686.112 Executing safepoint VM operation: Cleanup
Event: 4686.112 Executing safepoint VM operation: Cleanup done
Event: 4688.778 Executing non-safepoint VM operation: HandshakeAllThreads (HandshakeForDeflation)
Event: 4688.778 Executing non-safepoint VM operation: HandshakeAllThreads (HandshakeForDeflation) done
Event: 4688.778 Executing non-safepoint VM operation: RendezvousGCThreads
Event: 4688.778 Executing non-safepoint VM operation: RendezvousGCThreads done
Event: 4805.554 Executing safepoint VM operation: Cleanup
Event: 4805.554 Executing safepoint VM operation: Cleanup done
Event: 4809.115 Executing non-safepoint VM operation: HandshakeAllThreads (HandshakeForDeflation)
Event: 4809.115 Executing non-safepoint VM operation: HandshakeAllThreads (HandshakeForDeflation) done
Event: 4809.116 Executing non-safepoint VM operation: RendezvousGCThreads
Event: 4809.116 Executing non-safepoint VM operation: RendezvousGCThreads done
Event: 4869.309 Executing non-safepoint VM operation: HandshakeAllThreads (HandshakeForDeflation)
Event: 4869.309 Executing non-safepoint VM operation: HandshakeAllThreads (HandshakeForDeflation) done
Event: 4869.309 Executing non-safepoint VM operation: RendezvousGCThreads
Event: 4869.309 Executing non-safepoint VM operation: RendezvousGCThreads done

Memory protections (0 events):
No events

Nmethod flushes (20 events):
Event: 14.038 Thread 0x000002040d1e4130 flushing osr nmethod 0x00000203b91c7e90
Event: 14.038 Thread 0x000002040d1e4130 flushing  nmethod 0x00000203b91de090
Event: 14.038 Thread 0x000002040d1e4130 flushing  nmethod 0x00000203b91fe690
Event: 14.038 Thread 0x000002040d1e4130 flushing  nmethod 0x00000203b91ff090
Event: 14.038 Thread 0x000002040d1e4130 flushing  nmethod 0x00000203b9200b90
Event: 14.038 Thread 0x000002040d1e4130 flushing  nmethod 0x00000203b9202490
Event: 14.038 Thread 0x000002040d1e4130 flushing  nmethod 0x00000203b9202910
Event: 14.038 Thread 0x000002040d1e4130 flushing  nmethod 0x00000203b9203310
Event: 14.038 Thread 0x000002040d1e4130 flushing  nmethod 0x00000203b9203690
Event: 14.038 Thread 0x000002040d1e4130 flushing  nmethod 0x00000203b9204090
Event: 14.038 Thread 0x000002040d1e4130 flushing  nmethod 0x00000203b9206810
Event: 14.038 Thread 0x000002040d1e4130 flushing  nmethod 0x00000203b9207710
Event: 14.038 Thread 0x000002040d1e4130 flushing  nmethod 0x00000203b9209190
Event: 14.038 Thread 0x000002040d1e4130 flushing  nmethod 0x00000203b9209690
Event: 14.038 Thread 0x000002040d1e4130 flushing  nmethod 0x00000203b920a090
Event: 14.038 Thread 0x000002040d1e4130 flushing  nmethod 0x00000203b920ab10
Event: 14.038 Thread 0x000002040d1e4130 flushing  nmethod 0x00000203b920e010
Event: 14.038 Thread 0x000002040d1e4130 flushing  nmethod 0x00000203b9216190
Event: 14.038 Thread 0x000002040d1e4130 flushing  nmethod 0x00000203b9216790
Event: 14.038 Thread 0x000002040d1e4130 flushing  nmethod 0x00000203b9244910

Events (20 events):
Event: 31.222 Thread 0x000002040e4b1010 Thread added: 0x000002041a1652d0
Event: 36.274 Thread 0x000002041a161c50 Thread exited: 0x000002041a161c50
Event: 36.291 Thread 0x000002041a1652d0 Thread exited: 0x000002041a1652d0
Event: 36.768 Thread 0x000002041a163790 Thread exited: 0x000002041a163790
Event: 41.299 Thread 0x00000204180a8bc0 Thread exited: 0x00000204180a8bc0
Event: 74.196 Thread 0x00000204188d3300 Thread exited: 0x00000204188d3300
Event: 74.904 Thread 0x0000020414f3c110 Thread exited: 0x0000020414f3c110
Event: 74.904 Thread 0x0000020414f3b3f0 Thread exited: 0x0000020414f3b3f0
Event: 134.210 Thread 0x00000204188d4020 Thread exited: 0x00000204188d4020
Event: 194.219 Thread 0x00000204188d2c70 Thread exited: 0x00000204188d2c70
Event: 254.227 Thread 0x00000204178f5700 Thread exited: 0x00000204178f5700
Event: 314.240 Thread 0x00000204188d53d0 Thread exited: 0x00000204188d53d0
Event: 374.245 Thread 0x00000204188d1f50 Thread exited: 0x00000204188d1f50
Event: 434.252 Thread 0x00000204188d3990 Thread exited: 0x00000204188d3990
Event: 494.266 Thread 0x00000204188d46b0 Thread exited: 0x00000204188d46b0
Event: 554.266 Thread 0x00000204188d25e0 Thread exited: 0x00000204188d25e0
Event: 614.267 Thread 0x00000204188d1230 Thread exited: 0x00000204188d1230
Event: 674.269 Thread 0x00000204188d18c0 Thread exited: 0x00000204188d18c0
Event: 734.278 Thread 0x00000204178f5070 Thread exited: 0x00000204178f5070
Event: 794.289 Thread 0x00000204188d4d40 Thread exited: 0x00000204188d4d40


Dynamic libraries:
0x00007ff778c50000 - 0x00007ff778c5e000 	c:\Users\Admin\.antigravity\extensions\redhat.java-1.54.0-win32-x64\jre\21.0.10-win32-x86_64\bin\java.exe
0x00007ff85e860000 - 0x00007ff85eac7000 	C:\WINDOWS\SYSTEM32\ntdll.dll
0x00007ff85d990000 - 0x00007ff85da59000 	C:\WINDOWS\System32\KERNEL32.DLL
0x00007ff85b680000 - 0x00007ff85ba77000 	C:\WINDOWS\System32\KERNELBASE.dll
0x00007ff85b400000 - 0x00007ff85b54b000 	C:\WINDOWS\System32\ucrtbase.dll
0x00007ff81b3c0000 - 0x00007ff81b3de000 	c:\Users\Admin\.antigravity\extensions\redhat.java-1.54.0-win32-x64\jre\21.0.10-win32-x86_64\bin\VCRUNTIME140.dll
0x00007ff81e5b0000 - 0x00007ff81e5c8000 	c:\Users\Admin\.antigravity\extensions\redhat.java-1.54.0-win32-x64\jre\21.0.10-win32-x86_64\bin\jli.dll
0x00007ff85cf70000 - 0x00007ff85d136000 	C:\WINDOWS\System32\USER32.dll
0x00007ff85c2f0000 - 0x00007ff85c317000 	C:\WINDOWS\System32\win32u.dll
0x00007ff85da70000 - 0x00007ff85da9b000 	C:\WINDOWS\System32\GDI32.dll
0x00007ff85b550000 - 0x00007ff85b67c000 	C:\WINDOWS\System32\gdi32full.dll
0x00007ff85c320000 - 0x00007ff85c3c3000 	C:\WINDOWS\System32\msvcp_win.dll
0x00007ff844080000 - 0x00007ff844312000 	C:\WINDOWS\WinSxS\amd64_microsoft.windows.common-controls_6595b64144ccf1df_6.0.26100.8457_none_3e0b2faee331e92d\COMCTL32.dll
0x00007ff85e6a0000 - 0x00007ff85e749000 	C:\WINDOWS\System32\msvcrt.dll
0x00007ff85e750000 - 0x00007ff85e782000 	C:\WINDOWS\System32\IMM32.DLL
0x00007ff835cb0000 - 0x00007ff835cbc000 	c:\Users\Admin\.antigravity\extensions\redhat.java-1.54.0-win32-x64\jre\21.0.10-win32-x86_64\bin\vcruntime140_1.dll
0x00007fffe8d50000 - 0x00007fffe8ddd000 	c:\Users\Admin\.antigravity\extensions\redhat.java-1.54.0-win32-x64\jre\21.0.10-win32-x86_64\bin\msvcp140.dll
0x00007fffdb310000 - 0x00007fffdc0b1000 	c:\Users\Admin\.antigravity\extensions\redhat.java-1.54.0-win32-x64\jre\21.0.10-win32-x86_64\bin\server\jvm.dll
0x00007ff85dcc0000 - 0x00007ff85dd76000 	C:\WINDOWS\System32\ADVAPI32.dll
0x00007ff85d150000 - 0x00007ff85d1f7000 	C:\WINDOWS\System32\sechost.dll
0x00007ff85e580000 - 0x00007ff85e698000 	C:\WINDOWS\System32\RPCRT4.dll
0x00007ff85e790000 - 0x00007ff85e810000 	C:\WINDOWS\System32\WS2_32.dll
0x00007ff852a50000 - 0x00007ff852a86000 	C:\WINDOWS\SYSTEM32\WINMM.dll
0x00007ff854fb0000 - 0x00007ff854fbb000 	C:\WINDOWS\SYSTEM32\VERSION.dll
0x00007ff859e60000 - 0x00007ff859ebe000 	C:\WINDOWS\SYSTEM32\POWRPROF.dll
0x00007ff859e40000 - 0x00007ff859e54000 	C:\WINDOWS\SYSTEM32\UMPDC.dll
0x00007ff85a120000 - 0x00007ff85a13b000 	C:\WINDOWS\SYSTEM32\kernel.appcore.dll
0x00007ff835180000 - 0x00007ff83518a000 	c:\Users\Admin\.antigravity\extensions\redhat.java-1.54.0-win32-x64\jre\21.0.10-win32-x86_64\bin\jimage.dll
0x00007ff84a3d0000 - 0x00007ff84a612000 	C:\WINDOWS\SYSTEM32\DBGHELP.DLL
0x00007ff85c9c0000 - 0x00007ff85cd43000 	C:\WINDOWS\System32\combase.dll
0x00007ff85ce50000 - 0x00007ff85cf29000 	C:\WINDOWS\System32\OLEAUT32.dll
0x00007ff841f20000 - 0x00007ff841f5b000 	C:\WINDOWS\SYSTEM32\dbgcore.DLL
0x00007ff85b290000 - 0x00007ff85b338000 	C:\WINDOWS\System32\bcryptPrimitives.dll
0x00007ff834e60000 - 0x00007ff834e6f000 	c:\Users\Admin\.antigravity\extensions\redhat.java-1.54.0-win32-x64\jre\21.0.10-win32-x86_64\bin\instrument.dll
0x00007ff81b3a0000 - 0x00007ff81b3c0000 	c:\Users\Admin\.antigravity\extensions\redhat.java-1.54.0-win32-x64\jre\21.0.10-win32-x86_64\bin\java.dll
0x00007ff85d210000 - 0x00007ff85d97e000 	C:\WINDOWS\System32\SHELL32.dll
0x00007ff85ba80000 - 0x00007ff85c2ec000 	C:\WINDOWS\System32\windows.storage.dll
0x00007ff85cd50000 - 0x00007ff85ce46000 	C:\WINDOWS\System32\SHCORE.dll
0x00007ff85db70000 - 0x00007ff85dbd6000 	C:\WINDOWS\System32\shlwapi.dll
0x00007ff85b1b0000 - 0x00007ff85b1d9000 	C:\WINDOWS\SYSTEM32\profapi.dll
0x00007ff816a40000 - 0x00007ff816a58000 	c:\Users\Admin\.antigravity\extensions\redhat.java-1.54.0-win32-x64\jre\21.0.10-win32-x86_64\bin\zip.dll
0x00007ff8330a0000 - 0x00007ff8330b0000 	C:\Users\Admin\.antigravity\extensions\redhat.java-1.54.0-win32-x64\jre\21.0.10-win32-x86_64\bin\net.dll
0x00007ff855790000 - 0x00007ff8558b9000 	C:\WINDOWS\SYSTEM32\WINHTTP.dll
0x00007ff85a6b0000 - 0x00007ff85a71c000 	C:\WINDOWS\system32\mswsock.dll
0x00007ff816a20000 - 0x00007ff816a36000 	C:\Users\Admin\.antigravity\extensions\redhat.java-1.54.0-win32-x64\jre\21.0.10-win32-x86_64\bin\nio.dll
0x00007ff832760000 - 0x00007ff832770000 	c:\Users\Admin\.antigravity\extensions\redhat.java-1.54.0-win32-x64\jre\21.0.10-win32-x86_64\bin\verify.dll
0x00007ff81ef30000 - 0x00007ff81ef75000 	C:\Users\Admin\AppData\Roaming\Antigravity\User\globalStorage\redhat.java\1.54.0\config_win\org.eclipse.equinox.launcher\org.eclipse.equinox.launcher.win32.win32.x86_64_1.3.0.v20260203-2149\eclipse_11919.dll
0x00007ff85c5e0000 - 0x00007ff85c777000 	C:\WINDOWS\System32\ole32.dll
0x00007ff85a990000 - 0x00007ff85a9ab000 	C:\WINDOWS\SYSTEM32\CRYPTSP.dll
0x00007ff85a080000 - 0x00007ff85a0b9000 	C:\WINDOWS\system32\rsaenh.dll
0x00007ff85a760000 - 0x00007ff85a793000 	C:\WINDOWS\SYSTEM32\USERENV.dll
0x00007ff85b180000 - 0x00007ff85b1aa000 	C:\WINDOWS\SYSTEM32\bcrypt.dll
0x00007ff85a9b0000 - 0x00007ff85a9bc000 	C:\WINDOWS\SYSTEM32\CRYPTBASE.dll
0x00007ff859a70000 - 0x00007ff859aa2000 	C:\WINDOWS\SYSTEM32\IPHLPAPI.DLL
0x00007ff85da60000 - 0x00007ff85da6a000 	C:\WINDOWS\System32\NSI.dll
0x00007ff81eee0000 - 0x00007ff81ef29000 	C:\Users\Admin\AppData\Local\Temp\jna-63116079\jna14231697878076734600.dll
0x00007ff85d200000 - 0x00007ff85d208000 	C:\WINDOWS\System32\PSAPI.DLL
0x00007ff855920000 - 0x00007ff85593d000 	C:\WINDOWS\SYSTEM32\dhcpcsvc6.DLL
0x00007ff8558c0000 - 0x00007ff8558e5000 	C:\WINDOWS\SYSTEM32\dhcpcsvc.DLL

JVMTI agents:
c:\Users\Admin\.antigravity\extensions\redhat.java-1.54.0-win32-x64\lombok\lombok-1.18.39-4050.jar path:c:\Users\Admin\.antigravity\extensions\redhat.java-1.54.0-win32-x64\jre\21.0.10-win32-x86_64\bin\instrument.dll, loaded, initialized, instrumentlib options:none

dbghelp: loaded successfully - version: 4.0.5 - missing functions: none
symbol engine: initialized successfully - sym options: 0x614 - pdb path: .;c:\Users\Admin\.antigravity\extensions\redhat.java-1.54.0-win32-x64\jre\21.0.10-win32-x86_64\bin;C:\WINDOWS\SYSTEM32;C:\WINDOWS\WinSxS\amd64_microsoft.windows.common-controls_6595b64144ccf1df_6.0.26100.8457_none_3e0b2faee331e92d;c:\Users\Admin\.antigravity\extensions\redhat.java-1.54.0-win32-x64\jre\21.0.10-win32-x86_64\bin\server;C:\Users\Admin\AppData\Roaming\Antigravity\User\globalStorage\redhat.java\1.54.0\config_win\org.eclipse.equinox.launcher\org.eclipse.equinox.launcher.win32.win32.x86_64_1.3.0.v20260203-2149;C:\Users\Admin\AppData\Local\Temp\jna-63116079

VM Arguments:
jvm_args: --add-modules=ALL-SYSTEM --add-opens=java.base/java.util=ALL-UNNAMED --add-opens=java.base/java.lang=ALL-UNNAMED --add-opens=java.base/sun.nio.fs=ALL-UNNAMED -Declipse.application=org.eclipse.jdt.ls.core.id1 -Dosgi.bundles.defaultStartLevel=4 -Declipse.product=org.eclipse.jdt.ls.core.product -Djava.import.generatesMetadataFilesAtProjectRoot=false -DDetectVMInstallationsJob.disabled=true -Dfile.encoding=utf8 -XX:+UseParallelGC -XX:GCTimeRatio=4 -XX:AdaptiveSizePolicyWeight=90 -Dsun.zip.disableMemoryMapping=true -Xmx2G -Xms100m -Xlog:disable -javaagent:c:\Users\Admin\.antigravity\extensions\redhat.java-1.54.0-win32-x64\lombok\lombok-1.18.39-4050.jar -XX:+HeapDumpOnOutOfMemoryError -XX:HeapDumpPath=c:\Users\Admin\AppData\Roaming\Antigravity\User\workspaceStorage\8d880732ee2006d49a23a97f6af8df3d\redhat.java -Daether.dependencyCollector.impl=bf 
java_command: c:\Users\Admin\.antigravity\extensions\redhat.java-1.54.0-win32-x64\server\plugins\org.eclipse.equinox.launcher_1.7.100.v20251111-0406.jar -configuration c:\Users\Admin\AppData\Roaming\Antigravity\User\globalStorage\redhat.java\1.54.0\config_win -data c:\Users\Admin\AppData\Roaming\Antigravity\User\workspaceStorage\8d880732ee2006d49a23a97f6af8df3d\redhat.java\jdt_ws --pipe=\\.\pipe\lsp-241e3a0e7e6f2e26afd9425d180f8d1a-sock
java_class_path (initial): c:\Users\Admin\.antigravity\extensions\redhat.java-1.54.0-win32-x64\server\plugins\org.eclipse.equinox.launcher_1.7.100.v20251111-0406.jar
Launcher Type: SUN_STANDARD

[Global flags]
    uintx AdaptiveSizePolicyWeight                 = 90                                        {product} {command line}
     intx CICompilerCount                          = 12                                        {product} {ergonomic}
    uintx GCTimeRatio                              = 4                                         {product} {command line}
     bool HeapDumpOnOutOfMemoryError               = true                                   {manageable} {command line}
    ccstr HeapDumpPath                             = c:\Users\Admin\AppData\Roaming\Antigravity\User\workspaceStorage\8d880732ee2006d49a23a97f6af8df3d\redhat.java         {manageable} {command line}
   size_t InitialHeapSize                          = 104857600                                 {product} {command line}
   size_t MaxHeapSize                              = 2147483648                                {product} {command line}
   size_t MaxNewSize                               = 715653120                                 {product} {ergonomic}
   size_t MinHeapDeltaBytes                        = 524288                                    {product} {ergonomic}
   size_t MinHeapSize                              = 104857600                                 {product} {command line}
   size_t NewSize                                  = 34603008                                  {product} {ergonomic}
    uintx NonNMethodCodeHeapSize                   = 7602480                                {pd product} {ergonomic}
    uintx NonProfiledCodeHeapSize                  = 122027880                              {pd product} {ergonomic}
   size_t OldSize                                  = 70254592                                  {product} {ergonomic}
    uintx ProfiledCodeHeapSize                     = 122027880                              {pd product} {ergonomic}
    uintx ReservedCodeCacheSize                    = 251658240                              {pd product} {ergonomic}
     bool SegmentedCodeCache                       = true                                      {product} {ergonomic}
   size_t SoftMaxHeapSize                          = 2147483648                             {manageable} {ergonomic}
     bool UseCompressedOops                        = true                           {product lp64_product} {ergonomic}
     bool UseLargePagesIndividualAllocation        = false                                  {pd product} {ergonomic}
     bool UseParallelGC                            = true                                      {product} {command line}

Logging:
Log output configuration:
 #0: stdout all=off uptime,level,tags foldmultilines=false
 #1: stderr all=off uptime,level,tags foldmultilines=false

Release file:
JAVA_VERSION="21.0.10" 
MODULES="java.base java.compiler java.datatransfer java.xml java.prefs java.desktop java.instrument java.logging java.management java.security.sasl java.naming java.rmi java.management.rmi java.net.http java.scripting java.security.jgss java.transaction.xa java.sql java.sql.rowset java.xml.crypto java.se java.smartcardio jdk.accessibility jdk.internal.jvmstat jdk.attach jdk.charsets jdk.internal.opt jdk.zipfs jdk.compiler jdk.crypto.ec jdk.crypto.cryptoki jdk.crypto.mscapi jdk.dynalink jdk.internal.ed jdk.editpad jdk.hotspot.agent jdk.httpserver jdk.internal.le jdk.internal.vm.ci jdk.internal.vm.compiler jdk.internal.vm.compiler.management jdk.jartool jdk.javadoc jdk.jcmd jdk.management jdk.management.agent jdk.jconsole jdk.jdeps jdk.jdwp.agent jdk.jdi jdk.jfr jdk.jshell jdk.jsobject jdk.jstatd jdk.localedata jdk.management.jfr jdk.naming.dns jdk.naming.rmi jdk.net jdk.nio.mapmode jdk.random jdk.sctp jdk.security.auth jdk.security.jgss jdk.unsupported jdk.unsupported.desktop jdk.xml.dom" 

Environment Variables:
PATH=C:\Python314\Scripts\;C:\Python314\;C:\Program Files\Eclipse Adoptium\jdk-17.0.16.8-hotspot\bin;C:\ProgramData\Oracle\Java\javapath;C:\Program Files\Common Files\Oracle\Java\javapath;C:\Program Files (x86)\Common Files\Oracle\Java\java8path;C:\Program Files (x86)\Common Files\Oracle\Java\javapath;C:\WINDOWS\system32;C:\WINDOWS;C:\WINDOWS\System32\Wbem;C:\WINDOWS\System32\WindowsPowerShell\v1.0\;C:\WINDOWS\System32\OpenSSH\;C:\Program Files\NVIDIA Corporation\NVIDIA app\NvDLISR;C:\Program Files (x86)\NVIDIA Corporation\PhysX\Common;C:\Program Files\Microsoft SQL Server\Client SDK\ODBC\170\Tools\Binn\;C:\Program Files\dotnet\;C:\Program Files (x86)\Windows Kits\10\Windows Performance Toolkit\;C:\Program Files (x86)\Microsoft SQL Server\160\Tools\Binn\;C:\Program Files\Microsoft SQL Server\160\Tools\Binn\;C:\Program Files\Microsoft SQL Server\160\DTS\Binn\;C:\Program Files\Azure Data Studio\bin;C:\Program Files\Microsoft SQL Server\170\DTS\Binn\;C:\ProgramData\chocolatey\bin;C:\Program Files\Microsoft SQL Server\170\Tools\Binn\;D:\WED\New folder\Git\cmd;D:\Tool\apache-maven-3.9.11\apache-maven-3.9.11\BIN;D:\Tool\;C:\Users\Admin\AppData\Local\Programs\Python\Python312\Scripts\;C:\Users\Admin\AppData\Local\Programs\Python\Python312\;C:\Users\Admin\AppData\Local\Microsoft\WindowsApps;C:\Users\Admin\.dotnet\tools;D:\Java\IntelliJ IDEA Community Edition 2025.1\bin;;;C:\Program Files\Azure Data Studio\bin;D:\Tool\Microsoft VS Code\bin;D:\Tool\Antigravity\bin;C:\Users\Admin\AppData\Roaming\npm
USERNAME=Admin
OS=Windows_NT
PROCESSOR_IDENTIFIER=AMD64 Family 25 Model 68 Stepping 1, AuthenticAMD
TMP=C:\Users\Admin\AppData\Local\Temp
TEMP=C:\Users\Admin\AppData\Local\Temp




Periodic native trim disabled

---------------  S Y S T E M  ---------------

OS:
 Windows 11 , 64 bit Build 26100 (10.0.26100.8328)
OS uptime: 8 days 3:17 hours
Hyper-V role detected

CPU: total 16 (initial active 16) (16 cores per cpu, 2 threads per core) family 25 model 68 stepping 1 microcode 0xa404107, cx8, cmov, fxsr, ht, mmx, 3dnowpref, sse, sse2, sse3, ssse3, sse4a, sse4.1, sse4.2, popcnt, lzcnt, tsc, tscinvbit, avx, avx2, aes, erms, clmul, bmi1, bmi2, adx, sha, fma, vzeroupper, clflush, clflushopt, hv, rdtscp, rdpid, fsrm, f16c, cet_ss
Processor Information for processor 0
  Max Mhz: 3201, Current Mhz: 3201, Mhz Limit: 3201
Processor Information for processor 1
  Max Mhz: 3201, Current Mhz: 2566, Mhz Limit: 3201
Processor Information for processor 2
  Max Mhz: 3201, Current Mhz: 3201, Mhz Limit: 3201
Processor Information for processor 3
  Max Mhz: 3201, Current Mhz: 2566, Mhz Limit: 3201
Processor Information for processor 4
  Max Mhz: 3201, Current Mhz: 2566, Mhz Limit: 3201
Processor Information for processor 5
  Max Mhz: 3201, Current Mhz: 2566, Mhz Limit: 3201
Processor Information for processor 6
  Max Mhz: 3201, Current Mhz: 2566, Mhz Limit: 3201
Processor Information for processor 7
  Max Mhz: 3201, Current Mhz: 3201, Mhz Limit: 3201
Processor Information for processor 8
  Max Mhz: 3201, Current Mhz: 2566, Mhz Limit: 3201
Processor Information for processor 9
  Max Mhz: 3201, Current Mhz: 2566, Mhz Limit: 3201
Processor Information for processor 10
  Max Mhz: 3201, Current Mhz: 2566, Mhz Limit: 3201
Processor Information for processor 11
  Max Mhz: 3201, Current Mhz: 2566, Mhz Limit: 3201
Processor Information for processor 12
  Max Mhz: 3201, Current Mhz: 3201, Mhz Limit: 3201
Processor Information for processor 13
  Max Mhz: 3201, Current Mhz: 2566, Mhz Limit: 3201
Processor Information for processor 14
  Max Mhz: 3201, Current Mhz: 2566, Mhz Limit: 3201
Processor Information for processor 15
  Max Mhz: 3201, Current Mhz: 2566, Mhz Limit: 3201

Memory: 4k page, system-wide physical 15556M (1702M free)
TotalPageFile size 49513M (AvailPageFile size 2M)
current process WorkingSet (physical memory assigned to process): 10M, peak: 370M
current process commit charge ("private bytes"): 364M, peak: 456M

vm_info: OpenJDK 64-Bit Server VM (21.0.10+7-LTS) for windows-amd64 JRE (21.0.10+7-LTS), built on 2026-01-20T00:00:00Z by "admin" with MS VC++ 17.12 (VS2022)

END.
